0 info it worked if it ends with ok
1 verbose cli [
1 verbose cli   'C:\\Program Files\\nodejs\\node.exe',
1 verbose cli   'C:\\Program Files\\nodejs\\node_modules\\npm\\bin\\npm-cli.js',
1 verbose cli   'run',
1 verbose cli   'build'
1 verbose cli ]
2 info using npm@6.14.15
3 info using node@v14.18.1
4 verbose run-script [ 'prebuild', 'build', 'postbuild' ]
5 info lifecycle kuber-ebike@0.1.0~prebuild: kuber-ebike@0.1.0
6 info lifecycle kuber-ebike@0.1.0~build: kuber-ebike@0.1.0
7 verbose lifecycle kuber-ebike@0.1.0~build: unsafe-perm in lifecycle true
8 verbose lifecycle kuber-ebike@0.1.0~build: PATH: C:\Program Files\nodejs\node_modules\npm\node_modules\npm-lifecycle\node-gyp-bin;C:\Users\SUBHAM RATH\Pictures\kuber-ebike\node_modules\.bin;C:\Windows\system32;C:\Windows;C:\Windows\System32\Wbem;C:\Windows\System32\WindowsPowerShell\v1.0\;C:\Windows\System32\OpenSSH\;C:\Program Files (x86)\NVIDIA Corporation\PhysX\Common;C:\Program Files\NVIDIA Corporation\NVIDIA NvDLISR;C:\WINDOWS\system32;C:\WINDOWS;C:\WINDOWS\System32\Wbem;C:\WINDOWS\System32\WindowsPowerShell\v1.0\;C:\WINDOWS\System32\OpenSSH\;C:\Program Files\Git\cmd;C:\Program Files\nodejs\;C:\MinGW\bin;C:\Users\SUBHAM RATH\AppData\Local\Programs\Python\Python310\Scripts\;C:\Users\SUBHAM RATH\AppData\Local\Programs\Python\Python310\;C:\Users\SUBHAM RATH\AppData\Local\Microsoft\WindowsApps;C:\Users\SUBHAM RATH\AppData\Local\atom\bin;C:\Users\SUBHAM RATH\AppData\Local\Programs\Microsoft VS Code\bin;C:\Users\SUBHAM RATH\AppData\Local\Microsoft\WindowsApps;;C:\Users\SUBHAM RATH\AppData\Local\Programs\Hyper\resources\bin;C:\Program Files\heroku\bin;C:\Users\SUBHAM RATH\AppData\Roaming\npm
9 verbose lifecycle kuber-ebike@0.1.0~build: CWD: C:\Users\SUBHAM RATH\Pictures\kuber-ebike
10 silly lifecycle kuber-ebike@0.1.0~build: Args: [ '/d /s /c', 'react-scripts build' ]
11 silly lifecycle kuber-ebike@0.1.0~build: Returned: code: 1  signal: null
12 info lifecycle kuber-ebike@0.1.0~build: Failed to exec build script
13 verbose stack Error: kuber-ebike@0.1.0 build: `react-scripts build`
13 verbose stack Exit status 1
13 verbose stack     at EventEmitter.<anonymous> (C:\Program Files\nodejs\node_modules\npm\node_modules\npm-lifecycle\index.js:332:16)
13 verbose stack     at EventEmitter.emit (events.js:400:28)
13 verbose stack     at ChildProcess.<anonymous> (C:\Program Files\nodejs\node_modules\npm\node_modules\npm-lifecycle\lib\spawn.js:55:14)
13 verbose stack     at ChildProcess.emit (events.js:400:28)
13 verbose stack     at maybeClose (internal/child_process.js:1058:16)
13 verbose stack     at Process.ChildProcess._handle.onexit (internal/child_process.js:293:5)
14 verbose pkgid kuber-ebike@0.1.0
15 verbose cwd C:\Users\SUBHAM RATH\Pictures\kuber-ebike
16 verbose Windows_NT 10.0.22000
17 verbose argv "C:\\Program Files\\nodejs\\node.exe" "C:\\Program Files\\nodejs\\node_modules\\npm\\bin\\npm-cli.js" "run" "build"
18 verbose node v14.18.1
19 verbose npm  v6.14.15
20 error code ELIFECYCLE
21 error errno 1
22 error kuber-ebike@0.1.0 build: `react-scripts build`
22 error Exit status 1
23 error Failed at the kuber-ebike@0.1.0 build script.
23 error This is probably not a problem with npm. There is likely additional logging output above.
24 verbose exit [ 1, true ]
